<?xml version="1.0" encoding="UTF-8"?>
<!-- Generated by org.testng.reporters.JUnitReportReporter -->
<testsuite hostname="Sasikalas-iMac.attlocal.net" failures="0" tests="3" name="HomePageTest" time="20.201" errors="0" timestamp="07 Nov 2022 22:29:46 GMT" skipped="0">
  <testcase classname="HomePageTest" name="Test" time="5.681"/>
  <testcase classname="HomePageTest" name="Verifytitle" time="8.168"/>
  <testcase classname="HomePageTest" name="verifysignin" time="6.352"/>
</testsuite> <!-- HomePageTest -->
